<?xml version="1.0" encoding="UTF-8"?>
<!-- Generated by org.testng.reporters.JUnitXMLReporter -->
<testsuite hostname="Ravi-PC" failures="1" tests="1" name="AbTestPageTest" time="9.501" errors="0" timestamp="23 May 2022 15:20:23 GMT">
  <testcase classname="testcase.AbTestPageTest" name="verifyABTestControlText" time="0.091">
    <failure type="java.lang.AssertionError" message="expected [A/B Test Control] but found [A/B Test Variation 1]">
      <![CDATA[java.lang.AssertionError: expected [A/B Test Control] but found [A/B Test Variation 1]
	at testcase.AbTestPageTest.verifyABTestControlText(AbTestPageTest.java:33)
	at java.base/java.util.concurrent.FutureTask.run(FutureTask.java:264)
	at java.base/java.util.concurrent.ThreadPoolExecutor.runWorker(ThreadPoolExecutor.java:1130)
	at java.base/java.util.concurrent.ThreadPoolExecutor$Worker.run(ThreadPoolExecutor.java:630)
	at java.base/java.lang.Thread.run(Thread.java:832)
... Removed 21 stack frames]]>
    </failure>
  </testcase> <!-- verifyABTestControlText -->
</testsuite> <!-- AbTestPageTest -->
