<?xml version="1.0" encoding="UTF-8"?>
<!-- Generated by org.testng.reporters.JUnitXMLReporter -->
<testsuite hostname="Ravi-PC" failures="1" tests="2" name="AddRemoveElmTest" time="12.169" errors="0" timestamp="17 May 2022 12:53:52 GMT">
  <testcase classname="testcase.AddRemoveElmTest" name="verifyAddElmClick" time="0.19"/>
  <testcase classname="testcase.AddRemoveElmTest" name="verifydeleteElmClick" time="0.369">
    <failure type="java.lang.AssertionError" message="expected [false] but found [true]">
      <![CDATA[java.lang.AssertionError: expected [false] but found [true]
	at testcase.AddRemoveElmTest.verifydeleteElmClick(AddRemoveElmTest.java:43)
	at java.base/java.util.concurrent.FutureTask.run(FutureTask.java:264)
	at java.base/java.util.concurrent.ThreadPoolExecutor.runWorker(ThreadPoolExecutor.java:1130)
	at java.base/java.util.concurrent.ThreadPoolExecutor$Worker.run(ThreadPoolExecutor.java:630)
	at java.base/java.lang.Thread.run(Thread.java:832)
... Removed 21 stack frames]]>
    </failure>
  </testcase> <!-- verifydeleteElmClick -->
</testsuite> <!-- AddRemoveElmTest -->
