<?xml version="1.0" encoding="UTF-8"?>
<!-- Generated by org.testng.reporters.JUnitXMLReporter -->
<testsuite hostname="Ravi-PC" failures="2" tests="3" name="Test" time="20.489" errors="0" timestamp="15 May 2022 04:12:41 GMT">
  <testcase classname="testcase.LandPageTest" name="verifyABTestClick" time="1.308"/>
  <testcase classname="testcase.AbTestPageTest" name="verifyABTestControlText" time="0.1">
    <failure type="java.lang.AssertionError" message="expected [A/B Test Control] but found [A/B Test Variation 1]">
      <![CDATA[java.lang.AssertionError: expected [A/B Test Control] but found [A/B Test Variation 1]
	at testcase.AbTestPageTest.verifyABTestControlText(AbTestPageTest.java:34)
	at org.apache.maven.surefire.testng.TestNGExecutor.run(TestNGExecutor.java:283)
	at org.apache.maven.surefire.testng.TestNGXmlTestSuite.execute(TestNGXmlTestSuite.java:75)
	at org.apache.maven.surefire.testng.TestNGProvider.invoke(TestNGProvider.java:120)
	at org.apache.maven.surefire.booter.ForkedBooter.invokeProviderInSameClassLoader(ForkedBooter.java:386)
	at org.apache.maven.surefire.booter.ForkedBooter.runSuitesInProcess(ForkedBooter.java:323)
	at org.apache.maven.surefire.booter.ForkedBooter.main(ForkedBooter.java:143)
... Removed 26 stack frames]]>
    </failure>
  </testcase> <!-- verifyABTestControlText -->
  <testcase classname="testcase.AbTestPageTest" name="verifyABTestControlText" time="0.124">
    <failure type="java.lang.NullPointerException">
      <![CDATA[java.lang.NullPointerException
	at base.Base.getScreenshotPath(Base.java:58)
	at testcase.TestListener.onTestFailure(TestListener.java:55)
	at org.apache.maven.surefire.testng.TestNGExecutor.run(TestNGExecutor.java:283)
	at org.apache.maven.surefire.testng.TestNGXmlTestSuite.execute(TestNGXmlTestSuite.java:75)
	at org.apache.maven.surefire.testng.TestNGProvider.invoke(TestNGProvider.java:120)
	at org.apache.maven.surefire.booter.ForkedBooter.invokeProviderInSameClassLoader(ForkedBooter.java:386)
	at org.apache.maven.surefire.booter.ForkedBooter.runSuitesInProcess(ForkedBooter.java:323)
	at org.apache.maven.surefire.booter.ForkedBooter.main(ForkedBooter.java:143)
... Removed 18 stack frames]]>
    </failure>
  </testcase> <!-- verifyABTestControlText -->
</testsuite> <!-- Test -->
