<!DOCTYPE html PUBLIC "-//W3C//DTD XHTML 1.1//EN" "https://www.w3.org/TR/xhtml11/DTD/xhtml11.dtd">
<html xmlns="https://www.w3.org/1999/xhtml">
<head>
<meta http-equiv="content-type" content="text/html; charset=UTF-8"/>
<title>TestNG Report</title>
<style type="text/css">table {margin-bottom:10px;border-collapse:collapse;empty-cells:show}th,td {border:1px solid #009;padding:.25em .5em}th {vertical-align:bottom}td {vertical-align:top}table a {font-weight:bold}.stripe td {background-color: #E6EBF9}.num {text-align:right}.passedodd td {background-color: #3F3}.passedeven td {background-color: #0A0}.skippedodd td {background-color: #DDD}.skippedeven td {background-color: #CCC}.failedodd td,.attn {background-color: #F33}.failedeven td,.stripe .attn {background-color: #D00}.stacktrace {white-space:pre;font-family:monospace}.totop {font-size:85%;text-align:center;border-bottom:2px solid #000}.invisible {display:none}</style>
</head>
<body>
<table>
<tr><th>Test</th><th># Passed</th><th># Skipped</th><th># Retried</th><th># Failed</th><th>Time (ms)</th><th>Included Groups</th><th>Excluded Groups</th></tr>
<tr><th colspan="8">Suite</th></tr>
<tr><td><a href="#t0">AbTestPageTest</a></td><td class="num">1</td><td class="num">0</td><td class="num">0</td><td class="num">0</td><td class="num">25,232</td><td></td><td></td></tr>
<tr class="stripe"><td><a href="#t1">LandPageTest</a></td><td class="num">1</td><td class="num">0</td><td class="num">0</td><td class="num">0</td><td class="num">26,096</td><td></td><td></td></tr>
<tr><td><a href="#t2">AddRemoveElmTest</a></td><td class="num">1</td><td class="num">0</td><td class="num">0</td><td class="num attn">1</td><td class="num">9,912</td><td></td><td></td></tr>
<tr class="stripe"><td><a href="#t3">ContextMenuPageTest</a></td><td class="num">1</td><td class="num">0</td><td class="num">0</td><td class="num">0</td><td class="num">10,949</td><td></td><td></td></tr>
<tr><td><a href="#t4">CheckBoxesPageTest</a></td><td class="num">2</td><td class="num">0</td><td class="num">0</td><td class="num">0</td><td class="num">12,640</td><td></td><td></td></tr>
<tr class="stripe"><td><a href="#t5">BrokenImagePageTest</a></td><td class="num">0</td><td class="num">0</td><td class="num">0</td><td class="num attn">1</td><td class="num">16,690</td><td></td><td></td></tr>
<tr><td><a href="#t6">DisappearingElmPageTest</a></td><td class="num">1</td><td class="num">0</td><td class="num">0</td><td class="num">0</td><td class="num">10,324</td><td></td><td></td></tr>
<tr class="stripe"><td><a href="#t7">DropDownTest</a></td><td class="num">1</td><td class="num">0</td><td class="num">0</td><td class="num">0</td><td class="num">9,155</td><td></td><td></td></tr>
<tr><td><a href="#t8">DynamicCntrlsPageTest</a></td><td class="num">2</td><td class="num">0</td><td class="num">0</td><td class="num">0</td><td class="num">23,971</td><td></td><td></td></tr>
<tr class="stripe"><td><a href="#t9">DynamicLoadingPgTest</a></td><td class="num">2</td><td class="num">0</td><td class="num">0</td><td class="num">0</td><td class="num">23,370</td><td></td><td></td></tr>
<tr><td><a href="#t10">DragDropPageTest</a></td><td class="num">0</td><td class="num">0</td><td class="num">0</td><td class="num attn">1</td><td class="num">73,145</td><td></td><td></td></tr>
<tr><th>Total</th><th class="num">12</th><th class="num">0</th><th class="num">0</th><th class="num attn">3</th><th class="num">241,484</th><th colspan="2"></th></tr>
</table>
<table id='summary'><thead><tr><th>Class</th><th>Method</th><th>Start</th><th>Time (ms)</th></tr></thead><tbody><tr><th colspan="4">Suite</th></tr></tbody><tbody id="t0"><tr><th colspan="4">AbTestPageTest &#8212; passed</th></tr><tr class="passedeven"><td rowspan="1">testcase.AbTestPageTest</td><td><a href="#m0">verifyABTestControlText</a></td><td rowspan="1">1653483671620</td><td rowspan="1">126</td></tr></tbody>
<tbody id="t1"><tr><th colspan="4">LandPageTest &#8212; passed</th></tr><tr class="passedeven"><td rowspan="1">testcase.LandPageTest</td><td><a href="#m1">verifyClick_ChallengingDOM</a></td><td rowspan="1">1653483670761</td><td rowspan="1">1904</td></tr></tbody>
<tbody id="t2"><tr><th colspan="4">AddRemoveElmTest &#8212; failed</th></tr><tr class="failedeven"><td rowspan="1">testcase.AddRemoveElmTest</td><td><a href="#m2">verifydeleteElmClick</a></td><td rowspan="1">1653483683389</td><td rowspan="1">484</td></tr><tr><th colspan="4">AddRemoveElmTest &#8212; passed</th></tr><tr class="passedeven"><td rowspan="1">testcase.AddRemoveElmTest</td><td><a href="#m3">verifyAddElmClick</a></td><td rowspan="1">1653483683094</td><td rowspan="1">292</td></tr></tbody>
<tbody id="t3"><tr><th colspan="4">ContextMenuPageTest &#8212; passed</th></tr><tr class="passedeven"><td rowspan="1">testcase.ContextMenuPageTest</td><td><a href="#m4">verifycontextClickBox</a></td><td rowspan="1">1653483683249</td><td rowspan="1">1772</td></tr></tbody>
<tbody id="t4"><tr><th colspan="4">CheckBoxesPageTest &#8212; passed</th></tr><tr class="passedeven"><td rowspan="2">testcase.CheckBoxesPageTest</td><td><a href="#m5">verifyclickCheckBox1</a></td><td rowspan="1">1653483694942</td><td rowspan="1">1347</td></tr><tr class="passedeven"><td><a href="#m6">verifyclickCheckBox2</a></td><td rowspan="1">1653483696294</td><td rowspan="1">1170</td></tr></tbody>
<tbody id="t5"><tr><th colspan="4">BrokenImagePageTest &#8212; failed</th></tr><tr class="failedeven"><td rowspan="1">testcase.BrokenImagePageTest</td><td><a href="#m7">verifyBrokenImages</a></td><td rowspan="1">1653483696561</td><td rowspan="1">4379</td></tr></tbody>
<tbody id="t6"><tr><th colspan="4">DisappearingElmPageTest &#8212; passed</th></tr><tr class="passedeven"><td rowspan="1">testcase.DisappearingElmPageTest</td><td><a href="#m8">verifydisappearElm</a></td><td rowspan="1">1653483705662</td><td rowspan="1">2369</td></tr></tbody>
<tbody id="t7"><tr><th colspan="4">DropDownTest &#8212; passed</th></tr><tr class="passedeven"><td rowspan="1">testcase.DropDownTest</td><td><a href="#m9">veriySelectDropdown</a></td><td rowspan="1">1653483714481</td><td rowspan="1">2113</td></tr></tbody>
<tbody id="t8"><tr><th colspan="4">DynamicCntrlsPageTest &#8212; passed</th></tr><tr class="passedeven"><td rowspan="2">testcase.DynamicCntrlsPageTest</td><td><a href="#m10">Verifyclick_RemoveorAdd</a></td><td rowspan="1">1653483724641</td><td rowspan="1">8071</td></tr><tr class="passedeven"><td><a href="#m11">click_EnableDisable</a></td><td rowspan="1">1653483732715</td><td rowspan="1">8491</td></tr></tbody>
<tbody id="t9"><tr><th colspan="4">DynamicLoadingPgTest &#8212; passed</th></tr><tr class="passedeven"><td rowspan="2">testcase.DynamicLoadingPgTest</td><td><a href="#m12">Verifyclick_Example1</a></td><td rowspan="1">1653483749888</td><td rowspan="1">7250</td></tr><tr class="passedeven"><td><a href="#m13">Verifyclick_Example2</a></td><td rowspan="1">1653483757141</td><td rowspan="1">7852</td></tr></tbody>
<tbody id="t10"><tr><th colspan="4">DragDropPageTest &#8212; failed</th></tr><tr class="failedeven"><td rowspan="1">testcase.DragDropPageTest</td><td><a href="#m14">verifydragDropElm</a></td><td rowspan="1">1653483709018</td><td rowspan="1">66343</td></tr></tbody>
</table>
<h2>AbTestPageTest</h2><h3 id="m0">testcase.AbTestPageTest#verifyABTestControlText</h3><table class="result"><tr><th class="invisible"/></tr></table><p class="totop"><a href="#summary">back to summary</a></p>
<h2>LandPageTest</h2><h3 id="m1">testcase.LandPageTest#verifyClick_ChallengingDOM</h3><table class="result"><tr><th class="invisible"/></tr></table><p class="totop"><a href="#summary">back to summary</a></p>
<h2>AddRemoveElmTest</h2><h3 id="m2">testcase.AddRemoveElmTest#verifydeleteElmClick</h3><table class="result"><tr><th>Exception</th></tr><tr><td><div class="stacktrace">java.lang.AssertionError: expected [false] but found [true]
	at testcase.AddRemoveElmTest.verifydeleteElmClick(AddRemoveElmTest.java:43)
	at java.base/java.util.ArrayList.forEach(ArrayList.java:1511)
	at java.base/java.util.concurrent.FutureTask.run(FutureTask.java:264)
	at java.base/java.util.concurrent.ThreadPoolExecutor.runWorker(ThreadPoolExecutor.java:1130)
	at java.base/java.util.concurrent.ThreadPoolExecutor$Worker.run(ThreadPoolExecutor.java:630)
	at java.base/java.lang.Thread.run(Thread.java:832)
... Removed 24 stack frames</div></td></tr></table><p class="totop"><a href="#summary">back to summary</a></p>
<h3 id="m3">testcase.AddRemoveElmTest#verifyAddElmClick</h3><table class="result"><tr><th class="invisible"/></tr></table><p class="totop"><a href="#summary">back to summary</a></p>
<h2>ContextMenuPageTest</h2><h3 id="m4">testcase.ContextMenuPageTest#verifycontextClickBox</h3><table class="result"><tr><th class="invisible"/></tr></table><p class="totop"><a href="#summary">back to summary</a></p>
<h2>CheckBoxesPageTest</h2><h3 id="m5">testcase.CheckBoxesPageTest#verifyclickCheckBox1</h3><table class="result"><tr><th class="invisible"/></tr></table><p class="totop"><a href="#summary">back to summary</a></p>
<h3 id="m6">testcase.CheckBoxesPageTest#verifyclickCheckBox2</h3><table class="result"><tr><th class="invisible"/></tr></table><p class="totop"><a href="#summary">back to summary</a></p>
<h2>BrokenImagePageTest</h2><h3 id="m7">testcase.BrokenImagePageTest#verifyBrokenImages</h3><table class="result"><tr><th>Exception</th></tr><tr><td><div class="stacktrace">java.lang.AssertionError: expected [0] but found [2]
	at testcase.BrokenImagePageTest.verifyBrokenImages(BrokenImagePageTest.java:36)
	at java.base/java.util.ArrayList.forEach(ArrayList.java:1511)
	at java.base/java.util.concurrent.FutureTask.run(FutureTask.java:264)
	at java.base/java.util.concurrent.ThreadPoolExecutor.runWorker(ThreadPoolExecutor.java:1130)
	at java.base/java.util.concurrent.ThreadPoolExecutor$Worker.run(ThreadPoolExecutor.java:630)
	at java.base/java.lang.Thread.run(Thread.java:832)
... Removed 24 stack frames</div></td></tr></table><p class="totop"><a href="#summary">back to summary</a></p>
<h2>DisappearingElmPageTest</h2><h3 id="m8">testcase.DisappearingElmPageTest#verifydisappearElm</h3><table class="result"><tr><th class="invisible"/></tr></table><p class="totop"><a href="#summary">back to summary</a></p>
<h2>DropDownTest</h2><h3 id="m9">testcase.DropDownTest#veriySelectDropdown</h3><table class="result"><tr><th class="invisible"/></tr></table><p class="totop"><a href="#summary">back to summary</a></p>
<h2>DynamicCntrlsPageTest</h2><h3 id="m10">testcase.DynamicCntrlsPageTest#Verifyclick_RemoveorAdd</h3><table class="result"><tr><th class="invisible"/></tr></table><p class="totop"><a href="#summary">back to summary</a></p>
<h3 id="m11">testcase.DynamicCntrlsPageTest#click_EnableDisable</h3><table class="result"><tr><th class="invisible"/></tr></table><p class="totop"><a href="#summary">back to summary</a></p>
<h2>DynamicLoadingPgTest</h2><h3 id="m12">testcase.DynamicLoadingPgTest#Verifyclick_Example1</h3><table class="result"><tr><th class="invisible"/></tr></table><p class="totop"><a href="#summary">back to summary</a></p>
<h3 id="m13">testcase.DynamicLoadingPgTest#Verifyclick_Example2</h3><table class="result"><tr><th class="invisible"/></tr></table><p class="totop"><a href="#summary">back to summary</a></p>
<h2>DragDropPageTest</h2><h3 id="m14">testcase.DragDropPageTest#verifydragDropElm</h3><table class="result"><tr><th>Exception</th></tr><tr><td><div class="stacktrace">java.lang.AssertionError: expected [true] but found [false]
	at testcase.DragDropPageTest.verifydragDropElm(DragDropPageTest.java:31)
	at java.base/java.util.ArrayList.forEach(ArrayList.java:1511)
	at java.base/java.util.concurrent.FutureTask.run(FutureTask.java:264)
	at java.base/java.util.concurrent.ThreadPoolExecutor.runWorker(ThreadPoolExecutor.java:1130)
	at java.base/java.util.concurrent.ThreadPoolExecutor$Worker.run(ThreadPoolExecutor.java:630)
	at java.base/java.lang.Thread.run(Thread.java:832)
... Removed 24 stack frames</div></td></tr></table><p class="totop"><a href="#summary">back to summary</a></p>
</body>
</html>
