<?xml version="1.0" encoding="UTF-8"?>
<testng-results ignored="0" total="15" passed="12" failed="3" skipped="0">
  <reporter-output>
  </reporter-output>
  <suite started-at="2022-05-25T18:30:47 IST" name="Suite" finished-at="2022-05-25T18:32:55 IST" duration-ms="128624">
    <groups>
    </groups>
    <test started-at="2022-05-25T18:30:47 IST" name="AbTestPageTest" finished-at="2022-05-25T18:31:12 IST" duration-ms="25232">
      <class name="testcase.AbTestPageTest">
        <test-method is-config="true" signature="driverSetup()[pri:0, instance:testcase.AbTestPageTest@2f3a0f37]" started-at="2022-05-25T18:30:47 IST" name="driverSetup" finished-at="2022-05-25T18:31:11 IST" duration-ms="24408" status="PASS">
          <reporter-output>
          </reporter-output>
        </test-method> <!-- driverSetup -->
        <test-method signature="verifyABTestControlText()[pri:0, instance:testcase.AbTestPageTest@2f3a0f37]" started-at="2022-05-25T18:31:11 IST" name="verifyABTestControlText" finished-at="2022-05-25T18:31:11 IST" duration-ms="126" status="PASS">
          <reporter-output>
          </reporter-output>
        </test-method> <!-- verifyABTestControlText -->
        <test-method is-config="true" signature="closeDriver()[pri:0, instance:testcase.AbTestPageTest@2f3a0f37]" started-at="2022-05-25T18:31:11 IST" name="closeDriver" finished-at="2022-05-25T18:31:12 IST" duration-ms="599" status="PASS">
          <reporter-output>
          </reporter-output>
        </test-method> <!-- closeDriver -->
      </class> <!-- testcase.AbTestPageTest -->
    </test> <!-- AbTestPageTest -->
    <test started-at="2022-05-25T18:30:47 IST" name="LandPageTest" finished-at="2022-05-25T18:31:13 IST" duration-ms="26096">
      <class name="testcase.LandPageTest">
        <test-method is-config="true" signature="driverSetup()[pri:0, instance:testcase.LandPageTest@5dff108c]" started-at="2022-05-25T18:30:47 IST" name="driverSetup" finished-at="2022-05-25T18:31:10 IST" duration-ms="23470" status="PASS">
          <reporter-output>
          </reporter-output>
        </test-method> <!-- driverSetup -->
        <test-method signature="verifyClick_ChallengingDOM()[pri:0, instance:testcase.LandPageTest@5dff108c]" started-at="2022-05-25T18:31:10 IST" name="verifyClick_ChallengingDOM" finished-at="2022-05-25T18:31:12 IST" duration-ms="1904" status="PASS">
          <reporter-output>
          </reporter-output>
        </test-method> <!-- verifyClick_ChallengingDOM -->
        <test-method is-config="true" signature="closeDriver()[pri:0, instance:testcase.LandPageTest@5dff108c]" started-at="2022-05-25T18:31:12 IST" name="closeDriver" finished-at="2022-05-25T18:31:13 IST" duration-ms="610" status="PASS">
          <reporter-output>
          </reporter-output>
        </test-method> <!-- closeDriver -->
      </class> <!-- testcase.LandPageTest -->
    </test> <!-- LandPageTest -->
    <test started-at="2022-05-25T18:31:14 IST" name="AddRemoveElmTest" finished-at="2022-05-25T18:31:24 IST" duration-ms="9912">
      <class name="testcase.AddRemoveElmTest">
        <test-method is-config="true" signature="driverSetup()[pri:0, instance:testcase.AddRemoveElmTest@1b881f1f]" started-at="2022-05-25T18:31:14 IST" name="driverSetup" finished-at="2022-05-25T18:31:23 IST" duration-ms="8426" status="PASS">
          <reporter-output>
          </reporter-output>
        </test-method> <!-- driverSetup -->
        <test-method signature="verifyAddElmClick()[pri:0, instance:testcase.AddRemoveElmTest@1b881f1f]" started-at="2022-05-25T18:31:23 IST" name="verifyAddElmClick" finished-at="2022-05-25T18:31:23 IST" duration-ms="292" status="PASS">
          <reporter-output>
          </reporter-output>
        </test-method> <!-- verifyAddElmClick -->
        <test-method signature="verifydeleteElmClick()[pri:0, instance:testcase.AddRemoveElmTest@1b881f1f]" started-at="2022-05-25T18:31:23 IST" name="verifydeleteElmClick" finished-at="2022-05-25T18:31:23 IST" duration-ms="484" status="FAIL">
          <exception class="java.lang.AssertionError">
            <message>
              <![CDATA[expected [false] but found [true]]]>
            </message>
            <full-stacktrace>
              <![CDATA[java.lang.AssertionError: expected [false] but found [true]
at org.testng.Assert.fail(Assert.java:99)
at org.testng.Assert.failNotEquals(Assert.java:1037)
at org.testng.Assert.assertEqualsImpl(Assert.java:140)
at org.testng.Assert.assertEquals(Assert.java:122)
at org.testng.Assert.assertEquals(Assert.java:819)
at org.testng.Assert.assertEquals(Assert.java:829)
at testcase.AddRemoveElmTest.verifydeleteElmClick(AddRemoveElmTest.java:43)
at java.base/jdk.internal.reflect.NativeMethodAccessorImpl.invoke0(Native Method)
at java.base/jdk.internal.reflect.NativeMethodAccessorImpl.invoke(NativeMethodAccessorImpl.java:62)
at java.base/jdk.internal.reflect.DelegatingMethodAccessorImpl.invoke(DelegatingMethodAccessorImpl.java:43)
at java.base/java.lang.reflect.Method.invoke(Method.java:564)
at org.testng.internal.MethodInvocationHelper.invokeMethod(MethodInvocationHelper.java:132)
at org.testng.internal.TestInvoker.invokeMethod(TestInvoker.java:599)
at org.testng.internal.TestInvoker.invokeTestMethod(TestInvoker.java:174)
at org.testng.internal.MethodRunner.runInSequence(MethodRunner.java:46)
at org.testng.internal.TestInvoker$MethodInvocationAgent.invoke(TestInvoker.java:822)
at org.testng.internal.TestInvoker.invokeTestMethods(TestInvoker.java:147)
at org.testng.internal.TestMethodWorker.invokeTestMethods(TestMethodWorker.java:146)
at org.testng.internal.TestMethodWorker.run(TestMethodWorker.java:128)
at java.base/java.util.ArrayList.forEach(ArrayList.java:1511)
at org.testng.TestRunner.privateRun(TestRunner.java:764)
at org.testng.TestRunner.run(TestRunner.java:585)
at org.testng.SuiteRunner.runTest(SuiteRunner.java:384)
at org.testng.SuiteRunner.access$000(SuiteRunner.java:28)
at org.testng.SuiteRunner$SuiteWorker.run(SuiteRunner.java:425)
at org.testng.internal.thread.ThreadUtil.lambda$execute$0(ThreadUtil.java:66)
at java.base/java.util.concurrent.FutureTask.run(FutureTask.java:264)
at java.base/java.util.concurrent.ThreadPoolExecutor.runWorker(ThreadPoolExecutor.java:1130)
at java.base/java.util.concurrent.ThreadPoolExecutor$Worker.run(ThreadPoolExecutor.java:630)
at java.base/java.lang.Thread.run(Thread.java:832)
]]>
            </full-stacktrace>
          </exception> <!-- java.lang.AssertionError -->
          <reporter-output>
          </reporter-output>
        </test-method> <!-- verifydeleteElmClick -->
        <test-method is-config="true" signature="closeDriver()[pri:0, instance:testcase.AddRemoveElmTest@1b881f1f]" started-at="2022-05-25T18:31:24 IST" name="closeDriver" finished-at="2022-05-25T18:31:24 IST" duration-ms="276" status="PASS">
          <reporter-output>
          </reporter-output>
        </test-method> <!-- closeDriver -->
      </class> <!-- testcase.AddRemoveElmTest -->
    </test> <!-- AddRemoveElmTest -->
    <test started-at="2022-05-25T18:31:14 IST" name="ContextMenuPageTest" finished-at="2022-05-25T18:31:25 IST" duration-ms="10949">
      <class name="testcase.ContextMenuPageTest">
        <test-method is-config="true" signature="driverSetup()[pri:0, instance:testcase.ContextMenuPageTest@4d9cf71d]" started-at="2022-05-25T18:31:14 IST" name="driverSetup" finished-at="2022-05-25T18:31:23 IST" duration-ms="8491" status="PASS">
          <reporter-output>
          </reporter-output>
        </test-method> <!-- driverSetup -->
        <test-method signature="verifycontextClickBox()[pri:0, instance:testcase.ContextMenuPageTest@4d9cf71d]" started-at="2022-05-25T18:31:23 IST" name="verifycontextClickBox" finished-at="2022-05-25T18:31:25 IST" duration-ms="1772" status="PASS">
          <reporter-output>
          </reporter-output>
        </test-method> <!-- verifycontextClickBox -->
        <test-method is-config="true" signature="closeDriver()[pri:0, instance:testcase.ContextMenuPageTest@4d9cf71d]" started-at="2022-05-25T18:31:25 IST" name="closeDriver" finished-at="2022-05-25T18:31:25 IST" duration-ms="625" status="PASS">
          <reporter-output>
          </reporter-output>
        </test-method> <!-- closeDriver -->
      </class> <!-- testcase.ContextMenuPageTest -->
    </test> <!-- ContextMenuPageTest -->
    <test started-at="2022-05-25T18:31:24 IST" name="CheckBoxesPageTest" finished-at="2022-05-25T18:31:37 IST" duration-ms="12640">
      <class name="testcase.CheckBoxesPageTest">
        <test-method is-config="true" signature="driverSetup()[pri:0, instance:testcase.CheckBoxesPageTest@4cd1716d]" started-at="2022-05-25T18:31:24 IST" name="driverSetup" finished-at="2022-05-25T18:31:34 IST" duration-ms="10016" status="PASS">
          <reporter-output>
          </reporter-output>
        </test-method> <!-- driverSetup -->
        <test-method signature="verifyclickCheckBox1()[pri:0, instance:testcase.CheckBoxesPageTest@4cd1716d]" started-at="2022-05-25T18:31:34 IST" name="verifyclickCheckBox1" finished-at="2022-05-25T18:31:36 IST" duration-ms="1347" status="PASS">
          <reporter-output>
          </reporter-output>
        </test-method> <!-- verifyclickCheckBox1 -->
        <test-method signature="verifyclickCheckBox2()[pri:0, instance:testcase.CheckBoxesPageTest@4cd1716d]" started-at="2022-05-25T18:31:36 IST" name="verifyclickCheckBox2" finished-at="2022-05-25T18:31:37 IST" duration-ms="1170" status="PASS">
          <reporter-output>
          </reporter-output>
        </test-method> <!-- verifyclickCheckBox2 -->
        <test-method is-config="true" signature="closeDriver()[pri:0, instance:testcase.CheckBoxesPageTest@4cd1716d]" started-at="2022-05-25T18:31:37 IST" name="closeDriver" finished-at="2022-05-25T18:31:37 IST" duration-ms="97" status="PASS">
          <reporter-output>
          </reporter-output>
        </test-method> <!-- closeDriver -->
      </class> <!-- testcase.CheckBoxesPageTest -->
    </test> <!-- CheckBoxesPageTest -->
    <test started-at="2022-05-25T18:31:25 IST" name="BrokenImagePageTest" finished-at="2022-05-25T18:31:42 IST" duration-ms="16690">
      <class name="testcase.BrokenImagePageTest">
        <test-method is-config="true" signature="driverSetup()[pri:0, instance:testcase.BrokenImagePageTest@4fe9adfb]" started-at="2022-05-25T18:31:25 IST" name="driverSetup" finished-at="2022-05-25T18:31:36 IST" duration-ms="10719" status="PASS">
          <reporter-output>
          </reporter-output>
        </test-method> <!-- driverSetup -->
        <test-method signature="verifyBrokenImages()[pri:0, instance:testcase.BrokenImagePageTest@4fe9adfb]" started-at="2022-05-25T18:31:36 IST" name="verifyBrokenImages" finished-at="2022-05-25T18:31:40 IST" duration-ms="4379" status="FAIL">
          <exception class="java.lang.AssertionError">
            <message>
              <![CDATA[expected [0] but found [2]]]>
            </message>
            <full-stacktrace>
              <![CDATA[java.lang.AssertionError: expected [0] but found [2]
at org.testng.Assert.fail(Assert.java:99)
at org.testng.Assert.failNotEquals(Assert.java:1037)
at org.testng.Assert.assertEqualsImpl(Assert.java:140)
at org.testng.Assert.assertEquals(Assert.java:122)
at org.testng.Assert.assertEquals(Assert.java:907)
at org.testng.Assert.assertEquals(Assert.java:917)
at testcase.BrokenImagePageTest.verifyBrokenImages(BrokenImagePageTest.java:36)
at java.base/jdk.internal.reflect.NativeMethodAccessorImpl.invoke0(Native Method)
at java.base/jdk.internal.reflect.NativeMethodAccessorImpl.invoke(NativeMethodAccessorImpl.java:62)
at java.base/jdk.internal.reflect.DelegatingMethodAccessorImpl.invoke(DelegatingMethodAccessorImpl.java:43)
at java.base/java.lang.reflect.Method.invoke(Method.java:564)
at org.testng.internal.MethodInvocationHelper.invokeMethod(MethodInvocationHelper.java:132)
at org.testng.internal.TestInvoker.invokeMethod(TestInvoker.java:599)
at org.testng.internal.TestInvoker.invokeTestMethod(TestInvoker.java:174)
at org.testng.internal.MethodRunner.runInSequence(MethodRunner.java:46)
at org.testng.internal.TestInvoker$MethodInvocationAgent.invoke(TestInvoker.java:822)
at org.testng.internal.TestInvoker.invokeTestMethods(TestInvoker.java:147)
at org.testng.internal.TestMethodWorker.invokeTestMethods(TestMethodWorker.java:146)
at org.testng.internal.TestMethodWorker.run(TestMethodWorker.java:128)
at java.base/java.util.ArrayList.forEach(ArrayList.java:1511)
at org.testng.TestRunner.privateRun(TestRunner.java:764)
at org.testng.TestRunner.run(TestRunner.java:585)
at org.testng.SuiteRunner.runTest(SuiteRunner.java:384)
at org.testng.SuiteRunner.access$000(SuiteRunner.java:28)
at org.testng.SuiteRunner$SuiteWorker.run(SuiteRunner.java:425)
at org.testng.internal.thread.ThreadUtil.lambda$execute$0(ThreadUtil.java:66)
at java.base/java.util.concurrent.FutureTask.run(FutureTask.java:264)
at java.base/java.util.concurrent.ThreadPoolExecutor.runWorker(ThreadPoolExecutor.java:1130)
at java.base/java.util.concurrent.ThreadPoolExecutor$Worker.run(ThreadPoolExecutor.java:630)
at java.base/java.lang.Thread.run(Thread.java:832)
]]>
            </full-stacktrace>
          </exception> <!-- java.lang.AssertionError -->
          <reporter-output>
          </reporter-output>
        </test-method> <!-- verifyBrokenImages -->
        <test-method is-config="true" signature="closeDriver()[pri:0, instance:testcase.BrokenImagePageTest@4fe9adfb]" started-at="2022-05-25T18:31:41 IST" name="closeDriver" finished-at="2022-05-25T18:31:42 IST" duration-ms="674" status="PASS">
          <reporter-output>
          </reporter-output>
        </test-method> <!-- closeDriver -->
      </class> <!-- testcase.BrokenImagePageTest -->
    </test> <!-- BrokenImagePageTest -->
    <test started-at="2022-05-25T18:31:37 IST" name="DisappearingElmPageTest" finished-at="2022-05-25T18:31:48 IST" duration-ms="10324">
      <class name="testcase.DisappearingElmPageTest">
        <test-method is-config="true" signature="driverSetup()[pri:0, instance:testcase.DisappearingElmPageTest@31f5ffb9]" started-at="2022-05-25T18:31:37 IST" name="driverSetup" finished-at="2022-05-25T18:31:45 IST" duration-ms="7788" status="PASS">
          <reporter-output>
          </reporter-output>
        </test-method> <!-- driverSetup -->
        <test-method signature="verifydisappearElm()[pri:0, instance:testcase.DisappearingElmPageTest@31f5ffb9]" started-at="2022-05-25T18:31:45 IST" name="verifydisappearElm" finished-at="2022-05-25T18:31:48 IST" duration-ms="2369" status="PASS">
          <reporter-output>
          </reporter-output>
        </test-method> <!-- verifydisappearElm -->
        <test-method is-config="true" signature="closeDriver()[pri:0, instance:testcase.DisappearingElmPageTest@31f5ffb9]" started-at="2022-05-25T18:31:48 IST" name="closeDriver" finished-at="2022-05-25T18:31:48 IST" duration-ms="122" status="PASS">
          <reporter-output>
          </reporter-output>
        </test-method> <!-- closeDriver -->
      </class> <!-- testcase.DisappearingElmPageTest -->
    </test> <!-- DisappearingElmPageTest -->
    <test started-at="2022-05-25T18:31:48 IST" name="DropDownTest" finished-at="2022-05-25T18:31:57 IST" duration-ms="9155">
      <class name="testcase.DropDownTest">
        <test-method is-config="true" signature="driverSetup()[pri:0, instance:testcase.DropDownTest@e2344da]" started-at="2022-05-25T18:31:48 IST" name="driverSetup" finished-at="2022-05-25T18:31:54 IST" duration-ms="6160" status="PASS">
          <reporter-output>
          </reporter-output>
        </test-method> <!-- driverSetup -->
        <test-method signature="veriySelectDropdown()[pri:0, instance:testcase.DropDownTest@e2344da]" started-at="2022-05-25T18:31:54 IST" name="veriySelectDropdown" finished-at="2022-05-25T18:31:56 IST" duration-ms="2113" status="PASS">
          <reporter-output>
          </reporter-output>
        </test-method> <!-- veriySelectDropdown -->
        <test-method is-config="true" signature="closeDriver()[pri:0, instance:testcase.DropDownTest@e2344da]" started-at="2022-05-25T18:31:56 IST" name="closeDriver" finished-at="2022-05-25T18:31:57 IST" duration-ms="875" status="PASS">
          <reporter-output>
          </reporter-output>
        </test-method> <!-- closeDriver -->
      </class> <!-- testcase.DropDownTest -->
    </test> <!-- DropDownTest -->
    <test started-at="2022-05-25T18:31:57 IST" name="DynamicCntrlsPageTest" finished-at="2022-05-25T18:32:21 IST" duration-ms="23971">
      <class name="testcase.DynamicCntrlsPageTest">
        <test-method is-config="true" signature="driverSetup()[pri:0, instance:testcase.DynamicCntrlsPageTest@65d2d3cc]" started-at="2022-05-25T18:31:57 IST" name="driverSetup" finished-at="2022-05-25T18:32:04 IST" duration-ms="6934" status="PASS">
          <reporter-output>
          </reporter-output>
        </test-method> <!-- driverSetup -->
        <test-method signature="Verifyclick_RemoveorAdd()[pri:0, instance:testcase.DynamicCntrlsPageTest@65d2d3cc]" started-at="2022-05-25T18:32:04 IST" name="Verifyclick_RemoveorAdd" finished-at="2022-05-25T18:32:12 IST" duration-ms="8071" status="PASS">
          <reporter-output>
          </reporter-output>
        </test-method> <!-- Verifyclick_RemoveorAdd -->
        <test-method signature="click_EnableDisable()[pri:0, instance:testcase.DynamicCntrlsPageTest@65d2d3cc]" started-at="2022-05-25T18:32:12 IST" name="click_EnableDisable" finished-at="2022-05-25T18:32:21 IST" duration-ms="8491" status="PASS">
          <reporter-output>
          </reporter-output>
        </test-method> <!-- click_EnableDisable -->
        <test-method is-config="true" signature="closeDriver()[pri:0, instance:testcase.DynamicCntrlsPageTest@65d2d3cc]" started-at="2022-05-25T18:32:21 IST" name="closeDriver" finished-at="2022-05-25T18:32:21 IST" duration-ms="467" status="PASS">
          <reporter-output>
          </reporter-output>
        </test-method> <!-- closeDriver -->
      </class> <!-- testcase.DynamicCntrlsPageTest -->
    </test> <!-- DynamicCntrlsPageTest -->
    <test started-at="2022-05-25T18:32:21 IST" name="DynamicLoadingPgTest" finished-at="2022-05-25T18:32:45 IST" duration-ms="23370">
      <class name="testcase.DynamicLoadingPgTest">
        <test-method is-config="true" signature="driverSetup()[pri:0, instance:testcase.DynamicLoadingPgTest@391e2a]" started-at="2022-05-25T18:32:21 IST" name="driverSetup" finished-at="2022-05-25T18:32:29 IST" duration-ms="8033" status="PASS">
          <reporter-output>
          </reporter-output>
        </test-method> <!-- driverSetup -->
        <test-method signature="Verifyclick_Example1()[pri:0, instance:testcase.DynamicLoadingPgTest@391e2a]" started-at="2022-05-25T18:32:29 IST" name="Verifyclick_Example1" finished-at="2022-05-25T18:32:37 IST" duration-ms="7250" status="PASS">
          <reporter-output>
          </reporter-output>
        </test-method> <!-- Verifyclick_Example1 -->
        <test-method signature="Verifyclick_Example2()[pri:0, instance:testcase.DynamicLoadingPgTest@391e2a]" started-at="2022-05-25T18:32:37 IST" name="Verifyclick_Example2" finished-at="2022-05-25T18:32:44 IST" duration-ms="7852" status="PASS">
          <reporter-output>
          </reporter-output>
        </test-method> <!-- Verifyclick_Example2 -->
        <test-method is-config="true" signature="closeDriver()[pri:0, instance:testcase.DynamicLoadingPgTest@391e2a]" started-at="2022-05-25T18:32:44 IST" name="closeDriver" finished-at="2022-05-25T18:32:45 IST" duration-ms="217" status="PASS">
          <reporter-output>
          </reporter-output>
        </test-method> <!-- closeDriver -->
      </class> <!-- testcase.DynamicLoadingPgTest -->
    </test> <!-- DynamicLoadingPgTest -->
    <test started-at="2022-05-25T18:31:42 IST" name="DragDropPageTest" finished-at="2022-05-25T18:32:55 IST" duration-ms="73145">
      <class name="testcase.DragDropPageTest">
        <test-method is-config="true" signature="driverSetup()[pri:0, instance:testcase.DragDropPageTest@862624f]" started-at="2022-05-25T18:31:42 IST" name="driverSetup" finished-at="2022-05-25T18:31:49 IST" duration-ms="6353" status="PASS">
          <reporter-output>
          </reporter-output>
        </test-method> <!-- driverSetup -->
        <test-method signature="verifydragDropElm()[pri:0, instance:testcase.DragDropPageTest@862624f]" started-at="2022-05-25T18:31:49 IST" name="verifydragDropElm" finished-at="2022-05-25T18:32:55 IST" duration-ms="66343" status="FAIL">
          <exception class="java.lang.AssertionError">
            <message>
              <![CDATA[expected [true] but found [false]]]>
            </message>
            <full-stacktrace>
              <![CDATA[java.lang.AssertionError: expected [true] but found [false]
at org.testng.Assert.fail(Assert.java:99)
at org.testng.Assert.failNotEquals(Assert.java:1037)
at org.testng.Assert.assertEqualsImpl(Assert.java:140)
at org.testng.Assert.assertEquals(Assert.java:122)
at org.testng.Assert.assertEquals(Assert.java:819)
at org.testng.Assert.assertEquals(Assert.java:829)
at testcase.DragDropPageTest.verifydragDropElm(DragDropPageTest.java:31)
at java.base/jdk.internal.reflect.NativeMethodAccessorImpl.invoke0(Native Method)
at java.base/jdk.internal.reflect.NativeMethodAccessorImpl.invoke(NativeMethodAccessorImpl.java:62)
at java.base/jdk.internal.reflect.DelegatingMethodAccessorImpl.invoke(DelegatingMethodAccessorImpl.java:43)
at java.base/java.lang.reflect.Method.invoke(Method.java:564)
at org.testng.internal.MethodInvocationHelper.invokeMethod(MethodInvocationHelper.java:132)
at org.testng.internal.TestInvoker.invokeMethod(TestInvoker.java:599)
at org.testng.internal.TestInvoker.invokeTestMethod(TestInvoker.java:174)
at org.testng.internal.MethodRunner.runInSequence(MethodRunner.java:46)
at org.testng.internal.TestInvoker$MethodInvocationAgent.invoke(TestInvoker.java:822)
at org.testng.internal.TestInvoker.invokeTestMethods(TestInvoker.java:147)
at org.testng.internal.TestMethodWorker.invokeTestMethods(TestMethodWorker.java:146)
at org.testng.internal.TestMethodWorker.run(TestMethodWorker.java:128)
at java.base/java.util.ArrayList.forEach(ArrayList.java:1511)
at org.testng.TestRunner.privateRun(TestRunner.java:764)
at org.testng.TestRunner.run(TestRunner.java:585)
at org.testng.SuiteRunner.runTest(SuiteRunner.java:384)
at org.testng.SuiteRunner.access$000(SuiteRunner.java:28)
at org.testng.SuiteRunner$SuiteWorker.run(SuiteRunner.java:425)
at org.testng.internal.thread.ThreadUtil.lambda$execute$0(ThreadUtil.java:66)
at java.base/java.util.concurrent.FutureTask.run(FutureTask.java:264)
at java.base/java.util.concurrent.ThreadPoolExecutor.runWorker(ThreadPoolExecutor.java:1130)
at java.base/java.util.concurrent.ThreadPoolExecutor$Worker.run(ThreadPoolExecutor.java:630)
at java.base/java.lang.Thread.run(Thread.java:832)
]]>
            </full-stacktrace>
          </exception> <!-- java.lang.AssertionError -->
          <reporter-output>
          </reporter-output>
        </test-method> <!-- verifydragDropElm -->
        <test-method is-config="true" signature="closeDriver()[pri:0, instance:testcase.DragDropPageTest@862624f]" started-at="2022-05-25T18:32:55 IST" name="closeDriver" finished-at="2022-05-25T18:32:55 IST" duration-ms="197" status="PASS">
          <reporter-output>
          </reporter-output>
        </test-method> <!-- closeDriver -->
      </class> <!-- testcase.DragDropPageTest -->
    </test> <!-- DragDropPageTest -->
  </suite> <!-- Suite -->
</testng-results>
